# JRE version: OpenJDK Runtime Environment Zulu17.46+19-CA (17.0.9+8) (build 17.0.9+8-LTS)
# Java VM: OpenJDK 64-Bit Server VM Zulu17.46+19-CA (17.0.9+8-LTS, mixed mode, sharing, tiered, compressed oops, compressed class ptrs, g1 gc, windows-amd64)
GC Precious Log:
 CPUs: 8 total, 8 available
 Memory: 8059M
 Large Page Support: Disabled
 NUMA Support: Disabled
 Compressed Oops: Enabled (32-bit)
 Heap Region Size: 1M
 Heap Min Capacity: 8M
 Heap Initial Capacity: 126M
 Heap Max Capacity: 2016M
 Pre-touch: Disabled
 Parallel Workers: 8
 Concurrent Workers: 2
 Concurrent Refinement Workers: 8
 Periodic GC: Disabled
Heap:
 garbage-first heap   total 55296K, used 37515K [0x0000000082000000, 0x0000000100000000)
  region size 1024K, 9 young (9216K), 1 survivors (1024K)
 Metaspace       used 44931K, committed 45248K, reserved 1114112K
  class space    used 6257K, committed 6400K, reserved 1048576K
GC Heap History (20 events):
Event: 4.412 GC heap before
{Heap before GC invocations=6 (full 0):
 garbage-first heap   total 40960K, used 29980K [0x0000000082000000, 0x0000000100000000)
  region size 1024K, 20 young (20480K), 1 survivors (1024K)
 Metaspace       used 29589K, committed 29824K, reserved 1114112K
  class space    used 3990K, committed 4096K, reserved 1048576K
}
Event: 4.414 GC heap after
{Heap after GC invocations=7 (full 0):
 garbage-first heap   total 40960K, used 12047K [0x0000000082000000, 0x0000000100000000)
  region size 1024K, 1 young (1024K), 1 survivors (1024K)
 Metaspace       used 29589K, committed 29824K, reserved 1114112K
  class space    used 3990K, committed 4096K, reserved 1048576K
}
Event: 4.785 GC heap before
{Heap before GC invocations=7 (full 0):
 garbage-first heap   total 40960K, used 31503K [0x0000000082000000, 0x0000000100000000)
  region size 1024K, 20 young (20480K), 1 survivors (1024K)
 Metaspace       used 31650K, committed 31872K, reserved 1114112K
  class space    used 4258K, committed 4352K, reserved 1048576K
}
Event: 4.787 GC heap after
{Heap after GC invocations=8 (full 0):
 garbage-first heap   total 40960K, used 12603K [0x0000000082000000, 0x0000000100000000)
  region size 1024K, 2 young (2048K), 2 survivors (2048K)
 Metaspace       used 31650K, committed 31872K, reserved 1114112K
  class space    used 4258K, committed 4352K, reserved 1048576K
}
Event: 5.444 GC heap before
{Heap before GC invocations=8 (full 0):
 garbage-first heap   total 40960K, used 32059K [0x0000000082000000, 0x0000000100000000)
  region size 1024K, 21 young (21504K), 2 survivors (2048K)
 Metaspace       used 35725K, committed 35968K, reserved 1114112K
  class space    used 4955K, committed 5056K, reserved 1048576K
}
Event: 5.447 GC heap after
{Heap after GC invocations=9 (full 0):
 garbage-first heap   total 40960K, used 13748K [0x0000000082000000, 0x0000000100000000)
  region size 1024K, 3 young (3072K), 3 survivors (3072K)
 Metaspace       used 35725K, committed 35968K, reserved 1114112K
  class space    used 4955K, committed 5056K, reserved 1048576K
}
Event: 5.449 GC heap before
{Heap before GC invocations=9 (full 0):
 garbage-first heap   total 40960K, used 13748K [0x0000000082000000, 0x0000000100000000)
  region size 1024K, 4 young (4096K), 3 survivors (3072K)
 Metaspace       used 35788K, committed 35968K, reserved 1114112K
  class space    used 4981K, committed 5056K, reserved 1048576K
}
Event: 5.452 GC heap after
{Heap after GC invocations=10 (full 0):
 garbage-first heap   total 40960K, used 13885K [0x0000000082000000, 0x0000000100000000)
  region size 1024K, 2 young (2048K), 2 survivors (2048K)
 Metaspace       used 35788K, committed 35968K, reserved 1114112K
  class space    used 4981K, committed 5056K, reserved 1048576K
}
Event: 51.007 GC heap before
{Heap before GC invocations=11 (full 0):
 garbage-first heap   total 40960K, used 33341K [0x0000000082000000, 0x0000000100000000)
  region size 1024K, 20 young (20480K), 2 survivors (2048K)
 Metaspace       used 39337K, committed 39616K, reserved 1114112K
  class space    used 5397K, committed 5568K, reserved 1048576K
}
Event: 51.010 GC heap after
{Heap after GC invocations=12 (full 0):
 garbage-first heap   total 40960K, used 16904K [0x0000000082000000, 0x0000000100000000)
  region size 1024K, 3 young (3072K), 3 survivors (3072K)
 Metaspace       used 39337K, committed 39616K, reserved 1114112K
  class space    used 5397K, committed 5568K, reserved 1048576K
}
Event: 51.028 GC heap before
{Heap before GC invocations=12 (full 0):
 garbage-first heap   total 40960K, used 16904K [0x0000000082000000, 0x0000000100000000)
  region size 1024K, 4 young (4096K), 3 survivors (3072K)
 Metaspace       used 39653K, committed 39872K, reserved 1114112K
  class space    used 5442K, committed 5568K, reserved 1048576K
}
Event: 51.030 GC heap after
{Heap after GC invocations=13 (full 0):
 garbage-first heap   total 40960K, used 16717K [0x0000000082000000, 0x0000000100000000)
  region size 1024K, 1 young (1024K), 1 survivors (1024K)
 Metaspace       used 39653K, committed 39872K, reserved 1114112K
  class space    used 5442K, committed 5568K, reserved 1048576K
}
Event: 51.551 GC heap before
{Heap before GC invocations=13 (full 0):
 garbage-first heap   total 40960K, used 32077K [0x0000000082000000, 0x0000000100000000)
  region size 1024K, 17 young (17408K), 1 survivors (1024K)
 Metaspace       used 42542K, committed 42816K, reserved 1114112K
  class space    used 5810K, committed 5952K, reserved 1048576K
}
Event: 51.553 GC heap after
{Heap after GC invocations=14 (full 0):
 garbage-first heap   total 40960K, used 17273K [0x0000000082000000, 0x0000000100000000)
  region size 1024K, 1 young (1024K), 1 survivors (1024K)
 Metaspace       used 42542K, committed 42816K, reserved 1114112K
  class space    used 5810K, committed 5952K, reserved 1048576K
}
Event: 52.098 GC heap before
{Heap before GC invocations=14 (full 0):
 garbage-first heap   total 40960K, used 33657K [0x0000000082000000, 0x0000000100000000)
  region size 1024K, 17 young (17408K), 1 survivors (1024K)
 Metaspace       used 43531K, committed 43904K, reserved 1114112K
  class space    used 5975K, committed 6144K, reserved 1048576K
}
Event: 52.101 GC heap after
{Heap after GC invocations=15 (full 0):
 garbage-first heap   total 40960K, used 19309K [0x0000000082000000, 0x0000000100000000)
  region size 1024K, 2 young (2048K), 2 survivors (2048K)
 Metaspace       used 43531K, committed 43904K, reserved 1114112K
  class space    used 5975K, committed 6144K, reserved 1048576K
}
Event: 52.189 GC heap before
{Heap before GC invocations=15 (full 0):
 garbage-first heap   total 40960K, used 24429K [0x0000000082000000, 0x0000000100000000)
  region size 1024K, 3 young (3072K), 2 survivors (2048K)
 Metaspace       used 43581K, committed 43904K, reserved 1114112K
  class space    used 5977K, committed 6144K, reserved 1048576K
}
Event: 52.191 GC heap after
{Heap after GC invocations=16 (full 0):
 garbage-first heap   total 40960K, used 25011K [0x0000000082000000, 0x0000000100000000)
  region size 1024K, 1 young (1024K), 1 survivors (1024K)
 Metaspace       used 43581K, committed 43904K, reserved 1114112K
  class space    used 5977K, committed 6144K, reserved 1048576K
}
Event: 52.244 GC heap before
{Heap before GC invocations=17 (full 0):
 garbage-first heap   total 46080K, used 26035K [0x0000000082000000, 0x0000000100000000)
  region size 1024K, 2 young (2048K), 1 survivors (1024K)
 Metaspace       used 43608K, committed 43904K, reserved 1114112K
  class space    used 5978K, committed 6144K, reserved 1048576K
}
Event: 52.246 GC heap after
{Heap after GC invocations=18 (full 0):
 garbage-first heap   total 46080K, used 26251K [0x0000000082000000, 0x0000000100000000)
  region size 1024K, 1 young (1024K), 1 survivors (1024K)
 Metaspace       used 43608K, committed 43904K, reserved 1114112K
  class space    used 5978K, committed 6144K, reserved 1048576K
}

